Using launch settings from d:\alatar\alatar-dotnet\src\Alatar.Api\Properties\launchSettings.json...
Building...
info: Microsoft.EntityFrameworkCore.Database.Command[20101]
      Executed DbCommand (41ms) [Parameters=[], CommandType='Text', CommandTimeout='30']
      SELECT 1
info: Microsoft.EntityFrameworkCore.Database.Command[20101]
      Executed DbCommand (89ms) [Parameters=[], CommandType='Text', CommandTimeout='30']
      
      IF EXISTS
          (SELECT *
           FROM [sys].[objects] o
           WHERE [o].[type] = 'U'
           AND [o].[is_ms_shipped] = 0
           AND [o].[object_id] NOT IN (SELECT [ep].[major_id]
              FROM [sys].[extended_properties] AS [ep]
              WHERE [ep].[minor_id] = 0
                  AND [ep].[class] = 1
                  AND [ep].[name] = N'microsoft_database_tools_support'
          )
      )
      SELECT 1 ELSE SELECT 0
info: Microsoft.EntityFrameworkCore.Database.Command[20101]
      Executed DbCommand (3ms) [Parameters=[], CommandType='Text', CommandTimeout='30']
      IF OBJECT_ID(N'[dbo].[Contacts]', N'U') IS NULL
BEGIN
    CREATE TABLE [dbo].[Contacts]
    (
        [Id] UNIQUEIDENTIFIER NOT NULL,
        [FullName] NVARCHAR(200) NOT NULL,
        [PhoneNumber] NVARCHAR(64) NOT NULL,
        [ServiceType] NVARCHAR(16) NOT NULL,
        [Status] NVARCHAR(32) NOT NULL CONSTRAINT [DF_Contacts_Status] DEFAULT N'InProgress',
        [CompanyName] NVARCHAR(200) NULL,
        [Country] NVARCHAR(128) NULL,
        [Crop] NVARCHAR(128) NULL,
        [QuantityTons] DECIMAL(18,2) NULL,
        [DeliveryWindow] NVARCHAR(128) NULL,
        [Notes] NVARCHAR(2000) NULL,
        [CreatedAtUtc] DATETIME2 NOT NULL,
        CONSTRAINT [PK_Contacts] PRIMARY KEY ([Id])
    );
END

IF COL_LENGTH(N'[dbo].[Contacts]', N'Status') IS NULL
BEGIN
    ALTER TABLE [dbo].[Contacts]
    ADD [Status] NVARCHAR(32) NOT NULL CONSTRAINT [DF_Contacts_Status] DEFAULT N'InProgress';
END
info: Microsoft.Hosting.Lifetime[14]
      Now listening on: https://localhost:7253
info: Microsoft.Hosting.Lifetime[14]
      Now listening on: http://localhost:5070
info: Microsoft.Hosting.Lifetime[0]
      Application started. Press Ctrl+C to shut down.
info: Microsoft.Hosting.Lifetime[0]
      Hosting environment: Development
info: Microsoft.Hosting.Lifetime[0]
      Content root path: d:\alatar\alatar-dotnet\src\Alatar.Api
info: Microsoft.EntityFrameworkCore.Database.Command[20101]
      Executed DbCommand (18ms) [Parameters=[], CommandType='Text', CommandTimeout='30']
      SELECT COUNT(*)
      FROM [Contacts] AS [c]
info: Microsoft.EntityFrameworkCore.Database.Command[20101]
      Executed DbCommand (59ms) [Parameters=[@p='?' (DbType = Int32), @p0='?' (DbType = Int32)], CommandType='Text', CommandTimeout='30']
      SELECT [c].[Id], [c].[CompanyName], [c].[Country], [c].[CreatedAtUtc], [c].[Crop], [c].[DeliveryWindow], [c].[FullName], [c].[Notes], [c].[PhoneNumber], [c].[QuantityTons], [c].[ServiceType], [c].[Status]
      FROM [Contacts] AS [c]
      ORDER BY [c].[CreatedAtUtc] DESC
      OFFSET @p ROWS FETCH NEXT @p0 ROWS ONLY
info: Microsoft.EntityFrameworkCore.Database.Command[20101]
      Executed DbCommand (6ms) [Parameters=[@id='?' (DbType = Guid)], CommandType='Text', CommandTimeout='30']
      SELECT TOP(1) [c].[Id], [c].[CompanyName], [c].[Country], [c].[CreatedAtUtc], [c].[Crop], [c].[DeliveryWindow], [c].[FullName], [c].[Notes], [c].[PhoneNumber], [c].[QuantityTons], [c].[ServiceType], [c].[Status]
      FROM [Contacts] AS [c]
      WHERE [c].[Id] = @id
info: Microsoft.EntityFrameworkCore.Database.Command[20101]
      Executed DbCommand (7ms) [Parameters=[@p0='?' (DbType = Guid)], CommandType='Text', CommandTimeout='30']
      SET IMPLICIT_TRANSACTIONS OFF;
      SET NOCOUNT ON;
      DELETE FROM [Contacts]
      OUTPUT 1
      WHERE [Id] = @p0;
info: Microsoft.EntityFrameworkCore.Database.Command[20101]
      Executed DbCommand (6ms) [Parameters=[], CommandType='Text', CommandTimeout='30']
      SELECT COUNT(*)
      FROM [Contacts] AS [c]
info: Microsoft.EntityFrameworkCore.Database.Command[20101]
      Executed DbCommand (12ms) [Parameters=[], CommandType='Text', CommandTimeout='30']
      SELECT COUNT(*)
      FROM [Contacts] AS [c]
info: Microsoft.EntityFrameworkCore.Database.Command[20101]
      Executed DbCommand (3ms) [Parameters=[@p='?' (DbType = Int32), @p0='?' (DbType = Int32)], CommandType='Text', CommandTimeout='30']
      SELECT [c].[Id], [c].[CompanyName], [c].[Country], [c].[CreatedAtUtc], [c].[Crop], [c].[DeliveryWindow], [c].[FullName], [c].[Notes], [c].[PhoneNumber], [c].[QuantityTons], [c].[ServiceType], [c].[Status]
      FROM [Contacts] AS [c]
      ORDER BY [c].[CreatedAtUtc] DESC
      OFFSET @p ROWS FETCH NEXT @p0 ROWS ONLY
info: Microsoft.EntityFrameworkCore.Database.Command[20101]
      Executed DbCommand (3ms) [Parameters=[@p='?' (DbType = Int32), @p0='?' (DbType = Int32)], CommandType='Text', CommandTimeout='30']
      SELECT [c].[Id], [c].[CompanyName], [c].[Country], [c].[CreatedAtUtc], [c].[Crop], [c].[DeliveryWindow], [c].[FullName], [c].[Notes], [c].[PhoneNumber], [c].[QuantityTons], [c].[ServiceType], [c].[Status]
      FROM [Contacts] AS [c]
      ORDER BY [c].[CreatedAtUtc] DESC
      OFFSET @p ROWS FETCH NEXT @p0 ROWS ONLY
info: Microsoft.EntityFrameworkCore.Database.Command[20101]
      Executed DbCommand (11ms) [Parameters=[], CommandType='Text', CommandTimeout='30']
      SELECT [p].[Id], [p].[CreatedAtUtc], [p].[Name], [p].[Price], [p].[Sku], [p].[Status], [p].[StockQuantity], [p].[UpdatedAtUtc]
      FROM [Products] AS [p]
      ORDER BY [p].[CreatedAtUtc]
info: Microsoft.EntityFrameworkCore.Database.Command[20101]
      Executed DbCommand (4ms) [Parameters=[], CommandType='Text', CommandTimeout='30']
      SELECT [p].[Id], [p].[CreatedAtUtc], [p].[Name], [p].[Price], [p].[Sku], [p].[Status], [p].[StockQuantity], [p].[UpdatedAtUtc]
      FROM [Products] AS [p]
      ORDER BY [p].[CreatedAtUtc]
info: Microsoft.EntityFrameworkCore.Database.Command[20101]
      Executed DbCommand (3ms) [Parameters=[], CommandType='Text', CommandTimeout='30']
      SELECT [p].[Id], [p].[CreatedAtUtc], [p].[Name], [p].[Price], [p].[Sku], [p].[Status], [p].[StockQuantity], [p].[UpdatedAtUtc]
      FROM [Products] AS [p]
      ORDER BY [p].[CreatedAtUtc]
info: Microsoft.EntityFrameworkCore.Database.Command[20101]
      Executed DbCommand (2ms) [Parameters=[], CommandType='Text', CommandTimeout='30']
      SELECT [p].[Id], [p].[CreatedAtUtc], [p].[Name], [p].[Price], [p].[Sku], [p].[Status], [p].[StockQuantity], [p].[UpdatedAtUtc]
      FROM [Products] AS [p]
      ORDER BY [p].[CreatedAtUtc]
info: Microsoft.EntityFrameworkCore.Database.Command[20101]
      Executed DbCommand (2ms) [Parameters=[], CommandType='Text', CommandTimeout='30']
      SELECT [p].[Id], [p].[CreatedAtUtc], [p].[Name], [p].[Price], [p].[Sku], [p].[Status], [p].[StockQuantity], [p].[UpdatedAtUtc]
      FROM [Products] AS [p]
      ORDER BY [p].[CreatedAtUtc]
info: Microsoft.EntityFrameworkCore.Database.Command[20101]
      Executed DbCommand (21ms) [Parameters=[], CommandType='Text', CommandTimeout='30']
      SELECT COUNT(*)
      FROM [Contacts] AS [c]
info: Microsoft.EntityFrameworkCore.Database.Command[20101]
      Executed DbCommand (5ms) [Parameters=[@p='?' (DbType = Int32), @p0='?' (DbType = Int32)], CommandType='Text', CommandTimeout='30']
      SELECT [c].[Id], [c].[CompanyName], [c].[Country], [c].[CreatedAtUtc], [c].[Crop], [c].[DeliveryWindow], [c].[FullName], [c].[Notes], [c].[PhoneNumber], [c].[QuantityTons], [c].[ServiceType], [c].[Status]
      FROM [Contacts] AS [c]
      ORDER BY [c].[CreatedAtUtc] DESC
      OFFSET @p ROWS FETCH NEXT @p0 ROWS ONLY
info: Microsoft.EntityFrameworkCore.Database.Command[20101]
      Executed DbCommand (2ms) [Parameters=[], CommandType='Text', CommandTimeout='30']
      SELECT COUNT(*)
      FROM [Contacts] AS [c]
info: Microsoft.EntityFrameworkCore.Database.Command[20101]
      Executed DbCommand (3ms) [Parameters=[@p='?' (DbType = Int32), @p0='?' (DbType = Int32)], CommandType='Text', CommandTimeout='30']
      SELECT [c].[Id], [c].[CompanyName], [c].[Country], [c].[CreatedAtUtc], [c].[Crop], [c].[DeliveryWindow], [c].[FullName], [c].[Notes], [c].[PhoneNumber], [c].[QuantityTons], [c].[ServiceType], [c].[Status]
      FROM [Contacts] AS [c]
      ORDER BY [c].[CreatedAtUtc] DESC
      OFFSET @p ROWS FETCH NEXT @p0 ROWS ONLY
info: Microsoft.EntityFrameworkCore.Database.Command[20101]
      Executed DbCommand (1ms) [Parameters=[], CommandType='Text', CommandTimeout='30']
      SELECT COUNT(*)
      FROM [Contacts] AS [c]
info: Microsoft.EntityFrameworkCore.Database.Command[20101]
      Executed DbCommand (1ms) [Parameters=[@p='?' (DbType = Int32), @p0='?' (DbType = Int32)], CommandType='Text', CommandTimeout='30']
      SELECT [c].[Id], [c].[CompanyName], [c].[Country], [c].[CreatedAtUtc], [c].[Crop], [c].[DeliveryWindow], [c].[FullName], [c].[Notes], [c].[PhoneNumber], [c].[QuantityTons], [c].[ServiceType], [c].[Status]
      FROM [Contacts] AS [c]
      ORDER BY [c].[CreatedAtUtc] DESC
      OFFSET @p ROWS FETCH NEXT @p0 ROWS ONLY
info: Microsoft.EntityFrameworkCore.Database.Command[20101]
      Executed DbCommand (2ms) [Parameters=[], CommandType='Text', CommandTimeout='30']
      SELECT [p].[Id], [p].[CreatedAtUtc], [p].[Name], [p].[Price], [p].[Sku], [p].[Status], [p].[StockQuantity], [p].[UpdatedAtUtc]
      FROM [Products] AS [p]
      ORDER BY [p].[CreatedAtUtc]
info: Microsoft.EntityFrameworkCore.Database.Command[20101]
      Executed DbCommand (1ms) [Parameters=[], CommandType='Text', CommandTimeout='30']
      SELECT [p].[Id], [p].[CreatedAtUtc], [p].[Name], [p].[Price], [p].[Sku], [p].[Status], [p].[StockQuantity], [p].[UpdatedAtUtc]
      FROM [Products] AS [p]
      ORDER BY [p].[CreatedAtUtc]
info: Microsoft.EntityFrameworkCore.Database.Command[20101]
      Executed DbCommand (1ms) [Parameters=[], CommandType='Text', CommandTimeout='30']
      SELECT [p].[Id], [p].[CreatedAtUtc], [p].[Name], [p].[Price], [p].[Sku], [p].[Status], [p].[StockQuantity], [p].[UpdatedAtUtc]
      FROM [Products] AS [p]
      ORDER BY [p].[CreatedAtUtc]
info: Microsoft.EntityFrameworkCore.Database.Command[20101]
      Executed DbCommand (5ms) [Parameters=[], CommandType='Text', CommandTimeout='30']
      SELECT [p].[Id], [p].[CreatedAtUtc], [p].[Name], [p].[Price], [p].[Sku], [p].[Status], [p].[StockQuantity], [p].[UpdatedAtUtc]
      FROM [Products] AS [p]
      ORDER BY [p].[CreatedAtUtc]
info: Microsoft.EntityFrameworkCore.Database.Command[20101]
      Executed DbCommand (1ms) [Parameters=[], CommandType='Text', CommandTimeout='30']
      SELECT [p].[Id], [p].[CreatedAtUtc], [p].[Name], [p].[Price], [p].[Sku], [p].[Status], [p].[StockQuantity], [p].[UpdatedAtUtc]
      FROM [Products] AS [p]
      ORDER BY [p].[CreatedAtUtc]
info: Microsoft.EntityFrameworkCore.Database.Command[20101]
      Executed DbCommand (1ms) [Parameters=[], CommandType='Text', CommandTimeout='30']
      SELECT [p].[Id], [p].[CreatedAtUtc], [p].[Name], [p].[Price], [p].[Sku], [p].[Status], [p].[StockQuantity], [p].[UpdatedAtUtc]
      FROM [Products] AS [p]
      ORDER BY [p].[CreatedAtUtc]
info: Microsoft.EntityFrameworkCore.Database.Command[20101]
      Executed DbCommand (1ms) [Parameters=[], CommandType='Text', CommandTimeout='30']
      SELECT [p].[Id], [p].[CreatedAtUtc], [p].[Name], [p].[Price], [p].[Sku], [p].[Status], [p].[StockQuantity], [p].[UpdatedAtUtc]
      FROM [Products] AS [p]
      ORDER BY [p].[CreatedAtUtc]
info: Microsoft.EntityFrameworkCore.Database.Command[20101]
      Executed DbCommand (1ms) [Parameters=[], CommandType='Text', CommandTimeout='30']
      SELECT [p].[Id], [p].[CreatedAtUtc], [p].[Name], [p].[Price], [p].[Sku], [p].[Status], [p].[StockQuantity], [p].[UpdatedAtUtc]
      FROM [Products] AS [p]
      ORDER BY [p].[CreatedAtUtc]
info: Microsoft.EntityFrameworkCore.Database.Command[20101]
      Executed DbCommand (1ms) [Parameters=[], CommandType='Text', CommandTimeout='30']
      SELECT [p].[Id], [p].[CreatedAtUtc], [p].[Name], [p].[Price], [p].[Sku], [p].[Status], [p].[StockQuantity], [p].[UpdatedAtUtc]
      FROM [Products] AS [p]
      ORDER BY [p].[CreatedAtUtc]
info: Microsoft.EntityFrameworkCore.Database.Command[20101]
      Executed DbCommand (2ms) [Parameters=[], CommandType='Text', CommandTimeout='30']
      SELECT [p].[Id], [p].[CreatedAtUtc], [p].[Name], [p].[Price], [p].[Sku], [p].[Status], [p].[StockQuantity], [p].[UpdatedAtUtc]
      FROM [Products] AS [p]
      ORDER BY [p].[CreatedAtUtc]
info: Microsoft.EntityFrameworkCore.Database.Command[20101]
      Executed DbCommand (2ms) [Parameters=[], CommandType='Text', CommandTimeout='30']
      SELECT [p].[Id], [p].[CreatedAtUtc], [p].[Name], [p].[Price], [p].[Sku], [p].[Status], [p].[StockQuantity], [p].[UpdatedAtUtc]
      FROM [Products] AS [p]
      ORDER BY [p].[CreatedAtUtc]
info: Microsoft.EntityFrameworkCore.Database.Command[20101]
      Executed DbCommand (5ms) [Parameters=[], CommandType='Text', CommandTimeout='30']
      SELECT [p].[Id], [p].[CreatedAtUtc], [p].[Name], [p].[Price], [p].[Sku], [p].[Status], [p].[StockQuantity], [p].[UpdatedAtUtc]
      FROM [Products] AS [p]
      ORDER BY [p].[CreatedAtUtc]
info: Microsoft.EntityFrameworkCore.Database.Command[20101]
      Executed DbCommand (5ms) [Parameters=[], CommandType='Text', CommandTimeout='30']
      SELECT [p].[Id], [p].[CreatedAtUtc], [p].[Name], [p].[Price], [p].[Sku], [p].[Status], [p].[StockQuantity], [p].[UpdatedAtUtc]
      FROM [Products] AS [p]
      ORDER BY [p].[CreatedAtUtc]
info: Microsoft.EntityFrameworkCore.Database.Command[20101]
      Executed DbCommand (8ms) [Parameters=[], CommandType='Text', CommandTimeout='30']
      SELECT [p].[Id], [p].[CreatedAtUtc], [p].[Name], [p].[Price], [p].[Sku], [p].[Status], [p].[StockQuantity], [p].[UpdatedAtUtc]
      FROM [Products] AS [p]
      ORDER BY [p].[CreatedAtUtc]
info: Microsoft.EntityFrameworkCore.Database.Command[20101]
      Executed DbCommand (9ms) [Parameters=[], CommandType='Text', CommandTimeout='30']
      SELECT [p].[Id], [p].[CreatedAtUtc], [p].[Name], [p].[Price], [p].[Sku], [p].[Status], [p].[StockQuantity], [p].[UpdatedAtUtc]
      FROM [Products] AS [p]
      ORDER BY [p].[CreatedAtUtc]
